<?xml version="1.0" encoding="UTF-8"?>
<!-- Generated by org.testng.reporters.JUnitReportReporter -->
<testsuite hostname="LAPTOP-SNK6G6B5" name="Orange.ReadMultipleData.ReadMultipleDataFromExcel" tests="1" failures="0" timestamp="15 Nov 2022 10:26:36 GMT" time="76.008" errors="0">
  <testcase name="Login" time="76.008" classname="Orange.ReadMultipleData.ReadMultipleDataFromExcel"/>
</testsuite> <!-- Orange.ReadMultipleData.ReadMultipleDataFromExcel -->
