<?xml version="1.0" encoding="UTF-8"?>
<!-- Generated by org.testng.reporters.JUnitReportReporter -->
<testsuite hostname="LAPTOP-SNK6G6B5" name="Ohrm.OrangeHRM.OrangeHRMLogin" tests="1" failures="0" timestamp="12 Nov 2022 19:11:00 GMT" time="13.081" errors="0">
  <testcase name="Login" time="13.081" classname="Ohrm.OrangeHRM.OrangeHRMLogin"/>
</testsuite> <!-- Ohrm.OrangeHRM.OrangeHRMLogin -->
