<?xml version="1.0" encoding="UTF-8"?>
<!-- Generated by org.testng.reporters.JUnitReportReporter -->
<testsuite hostname="LAPTOP-SNK6G6B5" name="Ohrm.OrangeHRM.LogInOrangeHRM" tests="1" failures="0" timestamp="12 Nov 2022 13:02:06 GMT" time="0.014" errors="0">
  <testcase name="add" time="0.014" classname="Ohrm.OrangeHRM.LogInOrangeHRM"/>
</testsuite> <!-- Ohrm.OrangeHRM.LogInOrangeHRM -->
