<?xml version="1.0" encoding="UTF-8"?>
<!-- Generated by org.testng.reporters.JUnitReportReporter -->
<testsuite hostname="LAPTOP-SNK6G6B5" name="com.Grid.exampleInherit" tests="3" failures="0" timestamp="20 Nov 2022 09:14:29 GMT" time="0.013" errors="0">
  <testcase name="drb" time="0.011" classname="com.Grid.exampleInherit"/>
  <testcase name="man" time="0.001" classname="com.Grid.exampleInherit"/>
  <testcase name="woman" time="0.001" classname="com.Grid.exampleInherit"/>
</testsuite> <!-- com.Grid.exampleInherit -->
