<?xml version="1.0" encoding="UTF-8"?>
<!-- Generated by org.testng.reporters.JUnitReportReporter -->
<testsuite hostname="LAPTOP-SNK6G6B5" name="com.Grid.OrangeHRMLoginTest" tests="1" failures="0" timestamp="11 Nov 2022 17:48:25 GMT" time="5.313" errors="0">
  <testcase name="LogInTest" time="5.313" classname="com.Grid.OrangeHRMLoginTest"/>
</testsuite> <!-- com.Grid.OrangeHRMLoginTest -->
