<?xml version="1.0" encoding="UTF-8"?>
<!-- Generated by org.testng.reporters.JUnitReportReporter -->
<testsuite hostname="LAPTOP-SNK6G6B5" name="com.Grid.OrangeSir" tests="1" failures="0" timestamp="15 Nov 2022 07:54:41 GMT" time="14.092" errors="0">
  <testcase name="LogInTest" time="14.092" classname="com.Grid.OrangeSir"/>
</testsuite> <!-- com.Grid.OrangeSir -->
