<?xml version="1.0" encoding="UTF-8"?>
<!-- Generated by org.testng.reporters.JUnitReportReporter -->
<testsuite hostname="LAPTOP-SNK6G6B5" name="AutoIT.Base1" tests="5" failures="0" timestamp="9 Nov 2022 07:41:21 GMT" time="31.691" errors="0">
  <testcase name="addEmployeeTest" time="1.088" classname="AutoIT.Base1"/>
  <testcase name="pimTest" time="0.225" classname="AutoIT.Base1"/>
  <testcase name="logInTest" time="3.498" classname="AutoIT.Base1"/>
  <testcase name="addNewEmployeeTest" time="23.113" classname="AutoIT.Base1"/>
  <testcase name="setUp" time="3.767" classname="AutoIT.Base1"/>
</testsuite> <!-- AutoIT.Base1 -->
