<?xml version="1.0" encoding="UTF-8"?>
<!-- Generated by org.testng.reporters.JUnitReportReporter -->
<testsuite hostname="LAPTOP-SNK6G6B5" name="com.Grid.example" tests="2" failures="0" timestamp="20 Nov 2022 09:13:07 GMT" time="0.009" errors="0">
  <testcase name="woman" time="0.001" classname="com.Grid.example"/>
  <testcase name="man" time="0.008" classname="com.Grid.example"/>
</testsuite> <!-- com.Grid.example -->
