<?xml version="1.0" encoding="UTF-8"?>
<!-- Generated by org.testng.reporters.JUnitReportReporter -->
<testsuite hostname="LAPTOP-SNK6G6B5" name="com.TestNG.TestNGExample1" tests="4" failures="0" timestamp="9 Nov 2022 15:49:36 GMT" time="0.008" errors="0">
  <testcase name="lastBeforenEW" time="0.001" classname="com.TestNG.TestNGExample1"/>
  <testcase name="Last1" time="0.001" classname="com.TestNG.TestNGExample1"/>
  <testcase name="lastBefore" time="0.006" classname="com.TestNG.TestNGExample1"/>
  <testcase name="sub" time="0.000" classname="com.TestNG.TestNGExample1"/>
</testsuite> <!-- com.TestNG.TestNGExample1 -->
