<?xml version="1.0" encoding="UTF-8"?>
<!-- Generated by org.testng.reporters.JUnitReportReporter -->
<testsuite hostname="LAPTOP-SNK6G6B5" name="com.TestNG.RadioButtonInheritance" tests="1" failures="0" timestamp="9 Nov 2022 17:00:03 GMT" time="7.419" errors="0">
  <testcase name="radioButtonTesting" time="7.419" classname="com.TestNG.RadioButtonInheritance"/>
</testsuite> <!-- com.TestNG.RadioButtonInheritance -->
