<?xml version="1.0" encoding="UTF-8"?>
<!-- Generated by org.testng.reporters.JUnitReportReporter -->
<testsuite hostname="LAPTOP-SNK6G6B5" name="com.TestNG.reddifInherit" tests="1" failures="0" timestamp="12 Nov 2022 11:00:23 GMT" time="0.104" errors="0">
  <testcase name="fullNameText" time="0.104" classname="com.TestNG.reddifInherit"/>
</testsuite> <!-- com.TestNG.reddifInherit -->
