<?xml version="1.0" encoding="UTF-8"?>
<!-- Generated by org.testng.reporters.JUnitReportReporter -->
<testsuite hostname="LAPTOP-SNK6G6B5" name="Pom.PageObjectModel.LogInPage" tests="3" failures="0" timestamp="20 Nov 2022 09:41:43 GMT" time="5.964" errors="0">
  <testcase name="ram" time="0.687" classname="Pom.PageObjectModel.LogInPage"/>
  <testcase name="abhi" time="5.266" classname="Pom.PageObjectModel.LogInPage"/>
  <testcase name="sam" time="0.011" classname="Pom.PageObjectModel.LogInPage"/>
</testsuite> <!-- Pom.PageObjectModel.LogInPage -->
