<?xml version="1.0" encoding="UTF-8"?>
<!-- Generated by org.testng.reporters.JUnitReportReporter -->
<testsuite hostname="LAPTOP-SNK6G6B5" name="com.OHRM.TestCases.LogInPageTest" tests="5" failures="0" timestamp="21 Nov 2022 18:18:49 GMT" time="17.863" errors="0">
  <testcase name="logInPageLogoValidationTest" time="2.866" classname="com.OHRM.TestCases.LogInPageTest"/>
  <testcase name="logInTest" time="5.693" classname="com.OHRM.TestCases.LogInPageTest"/>
  <testcase name="logInPageUrlAddressValidationTest" time="3.796" classname="com.OHRM.TestCases.LogInPageTest"/>
  <testcase name="logInPanelTextValidationTest" time="2.833" classname="com.OHRM.TestCases.LogInPageTest"/>
  <testcase name="logInPageTitleValidationTest" time="2.675" classname="com.OHRM.TestCases.LogInPageTest"/>
</testsuite> <!-- com.OHRM.TestCases.LogInPageTest -->
