<?xml version="1.0" encoding="UTF-8"?>
<!-- Generated by org.testng.reporters.JUnitReportReporter -->
<testsuite hostname="LAPTOP-SNK6G6B5" name="com.OHRMTestCases.AddEmployee" tests="3" failures="0" timestamp="18 Nov 2022 17:38:06 GMT" time="211.307" errors="0">
  <testcase name="addEmployee" time="3.081" classname="com.OHRMTestCases.AddEmployee"/>
  <testcase name="logIn" time="4.794" classname="com.OHRMTestCases.AddEmployee"/>
  <testcase name="sendEmployeeDetails" time="203.432" classname="com.OHRMTestCases.AddEmployee"/>
</testsuite> <!-- com.OHRMTestCases.AddEmployee -->
