<?xml version="1.0" encoding="UTF-8"?>
<!-- Generated by org.testng.reporters.JUnitReportReporter -->
<testsuite hostname="LAPTOP-SNK6G6B5" name="com.OHRMTestCases.ExtractingEmployeeDetails" tests="2" failures="0" timestamp="18 Nov 2022 13:19:25 GMT" time="31.141" errors="0">
  <testcase name="login" time="4.370" classname="com.OHRMTestCases.ExtractingEmployeeDetails"/>
  <testcase name="findingdata" time="26.771" classname="com.OHRMTestCases.ExtractingEmployeeDetails"/>
</testsuite> <!-- com.OHRMTestCases.ExtractingEmployeeDetails -->
