<?xml version="1.0" encoding="UTF-8"?>
<!-- Generated by org.testng.reporters.JUnitReportReporter -->
<testsuite hostname="LAPTOP-SNK6G6B5" name="com.OHRMTestCases.LogInTest" tests="1" failures="0" timestamp="18 Nov 2022 13:19:25 GMT" time="159.406" errors="0">
  <testcase name="Login" time="159.406" classname="com.OHRMTestCases.LogInTest"/>
</testsuite> <!-- com.OHRMTestCases.LogInTest -->
