<?xml version="1.0" encoding="UTF-8"?>
<!-- Generated by org.testng.reporters.JUnitReportReporter -->
<testsuite hostname="LAPTOP-SNK6G6B5" name="com.logforjTest.logforjSampleOutput" tests="2" failures="0" timestamp="18 Nov 2022 14:09:36 GMT" time="0.128" errors="0">
  <testcase name="add" time="0.125" classname="com.logforjTest.logforjSampleOutput"/>
  <testcase name="sub" time="0.003" classname="com.logforjTest.logforjSampleOutput"/>
</testsuite> <!-- com.logforjTest.logforjSampleOutput -->
